<?xml version="1.0" encoding="utf-8"?><testsuites><testsuite name="pytest" errors="0" failures="1" skipped="1" tests="3" time="0.223" timestamp="2026-06-15T10:22:19.969480" hostname="L-B0QV4H4"><testcase classname="defect_detection.test.test_copyright" name="test_copyright" time="0.000"><skipped type="pytest.skip" message="No copyright header has been placed in the generated source file.">/home/avaradar/ros2_ws/src/defect_detection/test/test_copyright.py:20: No copyright header has been placed in the generated source file.</skipped></testcase><testcase classname="defect_detection.test.test_flake8" name="test_flake8" time="0.118"><failure message="AssertionError: Found 82 code style errors / warnings:&#10;  ./defect_detection/defect_detection/fusion_node.py:1:1: F401 'defect_detection.defect_detection.defect_localization.extract_3d_detections.CustomDetection3D' imported but unused&#10;  ./defect_detection/defect_detection/fusion_node.py:1:100: E501 line too long (105 &gt; 99 characters)&#10;  ./defect_detection/defect_detection/fusion_node.py:6:1: I100 Import statements are in the wrong order. 'import message_filters' should be before 'from rclpy.qos import qos_profile_sensor_data'&#10;  ./defect_detection/defect_detection/fusion_node.py:10:1: I100 Import statements are in the wrong order. 'from sensor_msgs.msg import PointCloud2' should be before 'import yaml'&#10;  ./defect_detection/defect_detection/fusion_node.py:11:1: I101 Imported names are in the wrong order. Should be BoundingBox3D, Detection2DArray, Detection3D, Detection3DArray, ObjectHypothesisWithPose&#10;  ./defect_detection/defect_detection/fusion_node.py:19:1: I100 Import statements are in the wrong order. 'from defect_localization import extract_detections_3d' should be before 'from vision_msgs.msg import Detection2DArray, Detection3DArray, Detection3D, BoundingBox3D, ObjectHypothesisWithPose'&#10;  ./defect_detection/defect_detection/fusion_node.py:25:26: Q000 Double quotes found but single quotes preferred&#10;  ./defect_detection/defect_detection/fusion_node.py:27:19: Q000 Double quotes found but single quotes preferred&#10;  ./defect_detection/defect_detection/fusion_node.py:27:35: Q000 Double quotes found but single quotes preferred&#10;  ./defect_detection/defect_detection/fusion_node.py:30:22: Q000 Double quotes found but single quotes preferred&#10;  ./defect_detection/defect_detection/fusion_node.py:39:44: E261 at least two spaces before inline comment&#10;  ./defect_detection/defect_detection/fusion_node.py:39:45: E262 inline comment should start with '# '&#10;  ./defect_detection/defect_detection/fusion_node.py:45:61: E261 at least two spaces before inline comment&#10;  ./defect_detection/defect_detection/fusion_node.py:45:62: E262 inline comment should start with '# '&#10;  ./defect_detection/defect_detection/fusion_node.py:45:100: E501 line too long (133 &gt; 99 characters)&#10;  ./defect_detection/defect_detection/fusion_node.py:52:13: Q000 Double quotes found but single quotes preferred&#10;  ./defect_detection/defect_detection/fusion_node.py:59:13: Q000 Double quotes found but single quotes preferred&#10;  ./defect_detection/defect_detection/fusion_node.py:66:13: Q000 Double quotes found but single quotes preferred&#10;  ./defect_detection/defect_detection/fusion_node.py:84:13: Q000 Double quotes found but single quotes preferred&#10;  ./defect_detection/defect_detection/fusion_node.py:93:13: Q000 Double quotes found but single quotes preferred&#10;  ./defect_detection/defect_detection/fusion_node.py:123:13: Q000 Double quotes found but single quotes preferred&#10;  ./defect_detection/defect_detection/fusion_node.py:124:13: Q000 Double quotes found but single quotes preferred&#10;  ./defect_detection/defect_detection/fusion_node.py:198:16: Q000 Double quotes found but single quotes preferred&#10;  ./defect_detection/defect_detection/fusion_node.py:199:11: W292 no newline at end of file&#10;  ./defect_detection/defect_detection/yolo_detector.py:5:1: I100 Import statements are in the wrong order. 'import numpy' should be before 'import yaml'&#10;  ./defect_detection/defect_detection/yolo_detector.py:8:1: I100 Import statements are in the wrong order. 'from cv_bridge import CvBridge' should be before 'from ultralytics import YOLO'&#10;  ./defect_detection/defect_detection/yolo_detector.py:10:1: I101 Imported names are in the wrong order. Should be Detection2D, Detection2DArray, ObjectHypothesisWithPose&#10;  ./defect_detection/defect_detection/yolo_detector.py:11:1: I100 Import statements are in the wrong order. 'from vision_msgs.msg import BoundingBox2D' should be before 'from vision_msgs.msg import Detection2DArray, Detection2D, ObjectHypothesisWithPose'&#10;  ./defect_detection/defect_detection/yolo_detector.py:12:1: I100 Import statements are in the wrong order. 'from rclpy.qos import qos_profile_sensor_data' should be before 'from vision_msgs.msg import BoundingBox2D'&#10;  ./defect_detection/defect_detection/yolo_detector.py:17:26: Q000 Double quotes found but single quotes preferred&#10;  ./defect_detection/defect_detection/yolo_detector.py:18:19: Q000 Double quotes found but single quotes preferred&#10;  ./defect_detection/defect_detection/yolo_detector.py:18:35: Q000 Double quotes found but single quotes preferred&#10;  ./defect_detection/defect_detection/yolo_detector.py:20:22: Q000 Double quotes found but single quotes preferred&#10;  ./defect_detection/defect_detection/yolo_detector.py:29:34: Q000 Double quotes found but single quotes preferred&#10;  ./defect_detection/defect_detection/yolo_detector.py:32:27: Q000 Double quotes found but single quotes preferred&#10;  ./defect_detection/defect_detection/yolo_detector.py:37:13: Q000 Double quotes found but single quotes preferred&#10;  ./defect_detection/defect_detection/yolo_detector.py:44:13: Q000 Double quotes found but single quotes preferred&#10;  ./defect_detection/defect_detection/yolo_detector.py:51:30: Q000 Double quotes found but single quotes preferred&#10;  ./defect_detection/defect_detection/yolo_detector.py:58:9: E265 block comment should start with '# '&#10;  ./defect_detection/defect_detection/yolo_detector.py:58:100: E501 line too long (115 &gt; 99 characters)&#10;  ./defect_detection/defect_detection/yolo_detector.py:113:16: Q000 Double quotes found but single quotes preferred&#10;  ./defect_detection/defect_detection/yolo_detector.py:114:11: W292 no newline at end of file&#10;  ./defect_detection/defect_localization/extract_3d_detections.py:48:22: Q000 Double quotes found but single quotes preferred&#10;  ./defect_detection/defect_localization/extract_3d_detections.py:48:27: Q000 Double quotes found but single quotes preferred&#10;  ./defect_detection/defect_localization/extract_3d_detections.py:48:32: Q000 Double quotes found but single quotes preferred&#10;  ./defect_detection/defect_localization/extract_3d_detections.py:68:26: Q000 Double quotes found but single quotes preferred&#10;  ./defect_detection/defect_localization/extract_3d_detections.py:83:26: Q000 Double quotes found but single quotes preferred&#10;  ./defect_detection/defect_localization/extract_3d_detections.py:125:21: Q000 Double quotes found but single quotes preferred&#10;  ./defect_detection/defect_localization/extract_3d_detections.py:125:51: Q000 Double quotes found but single quotes preferred&#10;  ./defect_detection/defect_localization/extract_3d_detections.py:139:21: Q000 Double quotes found but single quotes preferred&#10;  ./defect_detection/defect_localization/extract_3d_detections.py:142:26: Q000 Double quotes found but single quotes preferred&#10;  ./defect_detection/defect_localization/extract_3d_detections.py:153:26: Q000 Double quotes found but single quotes preferred&#10;  ./defect_detection/defect_localization/extract_3d_detections.py:160:21: Q000 Double quotes found but single quotes preferred&#10;  ./defect_detection/defect_localization/extract_3d_detections.py:164:25: Q000 Double quotes found but single quotes preferred&#10;  ./defect_detection/defect_localization/extract_3d_detections.py:168:22: Q000 Double quotes found but single quotes preferred&#10;  ./defect_detection/defect_localization/extract_3d_detections.py:178:21: Q000 Double quotes found but single quotes preferred&#10;  ./defect_detection/defect_localization/extract_3d_detections.py:186:25: Q000 Double quotes found but single quotes preferred&#10;  ./defect_detection/defect_localization/extract_3d_detections.py:190:21: Q000 Double quotes found but single quotes preferred&#10;  ./defect_detection/defect_localization/extract_3d_detections.py:200:16: Q000 Double quotes found but single quotes preferred&#10;  ./defect_detection/defect_localization/extract_3d_detections.py:233:1: E302 expected 2 blank lines, found 1&#10;  ./defect_detection/pointcloud_loading/point_cloud_subscriber.py:15:36: E261 at least two spaces before inline comment&#10;  ./defect_detection/pointcloud_loading/point_cloud_subscriber.py:15:37: E262 inline comment should start with '# '&#10;  ./defect_detection/pointcloud_loading/point_cloud_subscriber.py:23:100: E501 line too long (104 &gt; 99 characters)&#10;  ./defect_detection/pointcloud_loading/point_cloud_subscriber.py:28:1: W293 blank line contains whitespace&#10;  ./defect_detection/pointcloud_loading/point_cloud_subscriber.py:42:11: W292 no newline at end of file&#10;  ./defect_detection/spot_cam_loading/image_publisher.py:4:1: I100 Import statements are in the wrong order. 'import cv2' should be before 'from rclpy.node import Node'&#10;  ./defect_detection/spot_cam_loading/image_publisher.py:19:37: Q000 Double quotes found but single quotes preferred&#10;  ./defect_detection/spot_cam_loading/image_publisher.py:21:66: W291 trailing whitespace&#10;  ./defect_detection/spot_cam_loading/image_publisher.py:27:36: Q000 Double quotes found but single quotes preferred&#10;  ./defect_detection/spot_cam_loading/image_publisher.py:31:68: Q000 Double quotes found but single quotes preferred&#10;  ./defect_detection/spot_cam_loading/image_publisher.py:33:42: Q000 Double quotes found but single quotes preferred&#10;  ./defect_detection/spot_cam_loading/image_publisher.py:53:11: W292 no newline at end of file&#10;  ./defect_detection/spot_cam_loading/image_subscriber.py:18:5: E301 expected 1 blank line, found 0&#10;  ./defect_detection/spot_cam_loading/image_subscriber.py:21:13: F541 f-string is missing placeholders&#10;  ./defect_detection/spot_cam_loading/image_subscriber.py:23:5: E301 expected 1 blank line, found 0&#10;  ./defect_detection/spot_cam_loading/image_subscriber.py:25:1: W293 blank line contains whitespace&#10;  ./defect_detection/spot_cam_loading/image_subscriber.py:26:1: E302 expected 2 blank lines, found 1&#10;  ./defect_detection/spot_cam_loading/image_subscriber.py:38:6: E111 indentation is not a multiple of 4&#10;  ./defect_detection/spot_cam_loading/image_subscriber.py:38:6: E117 over-indented&#10;  ./defect_detection/spot_cam_loading/image_subscriber.py:39:1: W293 blank line contains whitespace&#10;  ./defect_detection/spot_cam_loading/image_subscriber.py:40:1: W391 blank line at end of file&#10;  ./setup.py:41:100: E501 line too long (103 &gt; 99 characters)&#10;assert 1 == 0">test/test_flake8.py:23: in test_flake8
    assert rc == 0, \
E   AssertionError: Found 82 code style errors / warnings:
E     ./defect_detection/defect_detection/fusion_node.py:1:1: F401 'defect_detection.defect_detection.defect_localization.extract_3d_detections.CustomDetection3D' imported but unused
E     ./defect_detection/defect_detection/fusion_node.py:1:100: E501 line too long (105 &gt; 99 characters)
E     ./defect_detection/defect_detection/fusion_node.py:6:1: I100 Import statements are in the wrong order. 'import message_filters' should be before 'from rclpy.qos import qos_profile_sensor_data'
E     ./defect_detection/defect_detection/fusion_node.py:10:1: I100 Import statements are in the wrong order. 'from sensor_msgs.msg import PointCloud2' should be before 'import yaml'
E     ./defect_detection/defect_detection/fusion_node.py:11:1: I101 Imported names are in the wrong order. Should be BoundingBox3D, Detection2DArray, Detection3D, Detection3DArray, ObjectHypothesisWithPose
E     ./defect_detection/defect_detection/fusion_node.py:19:1: I100 Import statements are in the wrong order. 'from defect_localization import extract_detections_3d' should be before 'from vision_msgs.msg import Detection2DArray, Detection3DArray, Detection3D, BoundingBox3D, ObjectHypothesisWithPose'
E     ./defect_detection/defect_detection/fusion_node.py:25:26: Q000 Double quotes found but single quotes preferred
E     ./defect_detection/defect_detection/fusion_node.py:27:19: Q000 Double quotes found but single quotes preferred
E     ./defect_detection/defect_detection/fusion_node.py:27:35: Q000 Double quotes found but single quotes preferred
E     ./defect_detection/defect_detection/fusion_node.py:30:22: Q000 Double quotes found but single quotes preferred
E     ./defect_detection/defect_detection/fusion_node.py:39:44: E261 at least two spaces before inline comment
E     ./defect_detection/defect_detection/fusion_node.py:39:45: E262 inline comment should start with '# '
E     ./defect_detection/defect_detection/fusion_node.py:45:61: E261 at least two spaces before inline comment
E     ./defect_detection/defect_detection/fusion_node.py:45:62: E262 inline comment should start with '# '
E     ./defect_detection/defect_detection/fusion_node.py:45:100: E501 line too long (133 &gt; 99 characters)
E     ./defect_detection/defect_detection/fusion_node.py:52:13: Q000 Double quotes found but single quotes preferred
E     ./defect_detection/defect_detection/fusion_node.py:59:13: Q000 Double quotes found but single quotes preferred
E     ./defect_detection/defect_detection/fusion_node.py:66:13: Q000 Double quotes found but single quotes preferred
E     ./defect_detection/defect_detection/fusion_node.py:84:13: Q000 Double quotes found but single quotes preferred
E     ./defect_detection/defect_detection/fusion_node.py:93:13: Q000 Double quotes found but single quotes preferred
E     ./defect_detection/defect_detection/fusion_node.py:123:13: Q000 Double quotes found but single quotes preferred
E     ./defect_detection/defect_detection/fusion_node.py:124:13: Q000 Double quotes found but single quotes preferred
E     ./defect_detection/defect_detection/fusion_node.py:198:16: Q000 Double quotes found but single quotes preferred
E     ./defect_detection/defect_detection/fusion_node.py:199:11: W292 no newline at end of file
E     ./defect_detection/defect_detection/yolo_detector.py:5:1: I100 Import statements are in the wrong order. 'import numpy' should be before 'import yaml'
E     ./defect_detection/defect_detection/yolo_detector.py:8:1: I100 Import statements are in the wrong order. 'from cv_bridge import CvBridge' should be before 'from ultralytics import YOLO'
E     ./defect_detection/defect_detection/yolo_detector.py:10:1: I101 Imported names are in the wrong order. Should be Detection2D, Detection2DArray, ObjectHypothesisWithPose
E     ./defect_detection/defect_detection/yolo_detector.py:11:1: I100 Import statements are in the wrong order. 'from vision_msgs.msg import BoundingBox2D' should be before 'from vision_msgs.msg import Detection2DArray, Detection2D, ObjectHypothesisWithPose'
E     ./defect_detection/defect_detection/yolo_detector.py:12:1: I100 Import statements are in the wrong order. 'from rclpy.qos import qos_profile_sensor_data' should be before 'from vision_msgs.msg import BoundingBox2D'
E     ./defect_detection/defect_detection/yolo_detector.py:17:26: Q000 Double quotes found but single quotes preferred
E     ./defect_detection/defect_detection/yolo_detector.py:18:19: Q000 Double quotes found but single quotes preferred
E     ./defect_detection/defect_detection/yolo_detector.py:18:35: Q000 Double quotes found but single quotes preferred
E     ./defect_detection/defect_detection/yolo_detector.py:20:22: Q000 Double quotes found but single quotes preferred
E     ./defect_detection/defect_detection/yolo_detector.py:29:34: Q000 Double quotes found but single quotes preferred
E     ./defect_detection/defect_detection/yolo_detector.py:32:27: Q000 Double quotes found but single quotes preferred
E     ./defect_detection/defect_detection/yolo_detector.py:37:13: Q000 Double quotes found but single quotes preferred
E     ./defect_detection/defect_detection/yolo_detector.py:44:13: Q000 Double quotes found but single quotes preferred
E     ./defect_detection/defect_detection/yolo_detector.py:51:30: Q000 Double quotes found but single quotes preferred
E     ./defect_detection/defect_detection/yolo_detector.py:58:9: E265 block comment should start with '# '
E     ./defect_detection/defect_detection/yolo_detector.py:58:100: E501 line too long (115 &gt; 99 characters)
E     ./defect_detection/defect_detection/yolo_detector.py:113:16: Q000 Double quotes found but single quotes preferred
E     ./defect_detection/defect_detection/yolo_detector.py:114:11: W292 no newline at end of file
E     ./defect_detection/defect_localization/extract_3d_detections.py:48:22: Q000 Double quotes found but single quotes preferred
E     ./defect_detection/defect_localization/extract_3d_detections.py:48:27: Q000 Double quotes found but single quotes preferred
E     ./defect_detection/defect_localization/extract_3d_detections.py:48:32: Q000 Double quotes found but single quotes preferred
E     ./defect_detection/defect_localization/extract_3d_detections.py:68:26: Q000 Double quotes found but single quotes preferred
E     ./defect_detection/defect_localization/extract_3d_detections.py:83:26: Q000 Double quotes found but single quotes preferred
E     ./defect_detection/defect_localization/extract_3d_detections.py:125:21: Q000 Double quotes found but single quotes preferred
E     ./defect_detection/defect_localization/extract_3d_detections.py:125:51: Q000 Double quotes found but single quotes preferred
E     ./defect_detection/defect_localization/extract_3d_detections.py:139:21: Q000 Double quotes found but single quotes preferred
E     ./defect_detection/defect_localization/extract_3d_detections.py:142:26: Q000 Double quotes found but single quotes preferred
E     ./defect_detection/defect_localization/extract_3d_detections.py:153:26: Q000 Double quotes found but single quotes preferred
E     ./defect_detection/defect_localization/extract_3d_detections.py:160:21: Q000 Double quotes found but single quotes preferred
E     ./defect_detection/defect_localization/extract_3d_detections.py:164:25: Q000 Double quotes found but single quotes preferred
E     ./defect_detection/defect_localization/extract_3d_detections.py:168:22: Q000 Double quotes found but single quotes preferred
E     ./defect_detection/defect_localization/extract_3d_detections.py:178:21: Q000 Double quotes found but single quotes preferred
E     ./defect_detection/defect_localization/extract_3d_detections.py:186:25: Q000 Double quotes found but single quotes preferred
E     ./defect_detection/defect_localization/extract_3d_detections.py:190:21: Q000 Double quotes found but single quotes preferred
E     ./defect_detection/defect_localization/extract_3d_detections.py:200:16: Q000 Double quotes found but single quotes preferred
E     ./defect_detection/defect_localization/extract_3d_detections.py:233:1: E302 expected 2 blank lines, found 1
E     ./defect_detection/pointcloud_loading/point_cloud_subscriber.py:15:36: E261 at least two spaces before inline comment
E     ./defect_detection/pointcloud_loading/point_cloud_subscriber.py:15:37: E262 inline comment should start with '# '
E     ./defect_detection/pointcloud_loading/point_cloud_subscriber.py:23:100: E501 line too long (104 &gt; 99 characters)
E     ./defect_detection/pointcloud_loading/point_cloud_subscriber.py:28:1: W293 blank line contains whitespace
E     ./defect_detection/pointcloud_loading/point_cloud_subscriber.py:42:11: W292 no newline at end of file
E     ./defect_detection/spot_cam_loading/image_publisher.py:4:1: I100 Import statements are in the wrong order. 'import cv2' should be before 'from rclpy.node import Node'
E     ./defect_detection/spot_cam_loading/image_publisher.py:19:37: Q000 Double quotes found but single quotes preferred
E     ./defect_detection/spot_cam_loading/image_publisher.py:21:66: W291 trailing whitespace
E     ./defect_detection/spot_cam_loading/image_publisher.py:27:36: Q000 Double quotes found but single quotes preferred
E     ./defect_detection/spot_cam_loading/image_publisher.py:31:68: Q000 Double quotes found but single quotes preferred
E     ./defect_detection/spot_cam_loading/image_publisher.py:33:42: Q000 Double quotes found but single quotes preferred
E     ./defect_detection/spot_cam_loading/image_publisher.py:53:11: W292 no newline at end of file
E     ./defect_detection/spot_cam_loading/image_subscriber.py:18:5: E301 expected 1 blank line, found 0
E     ./defect_detection/spot_cam_loading/image_subscriber.py:21:13: F541 f-string is missing placeholders
E     ./defect_detection/spot_cam_loading/image_subscriber.py:23:5: E301 expected 1 blank line, found 0
E     ./defect_detection/spot_cam_loading/image_subscriber.py:25:1: W293 blank line contains whitespace
E     ./defect_detection/spot_cam_loading/image_subscriber.py:26:1: E302 expected 2 blank lines, found 1
E     ./defect_detection/spot_cam_loading/image_subscriber.py:38:6: E111 indentation is not a multiple of 4
E     ./defect_detection/spot_cam_loading/image_subscriber.py:38:6: E117 over-indented
E     ./defect_detection/spot_cam_loading/image_subscriber.py:39:1: W293 blank line contains whitespace
E     ./defect_detection/spot_cam_loading/image_subscriber.py:40:1: W391 blank line at end of file
E     ./setup.py:41:100: E501 line too long (103 &gt; 99 characters)
E   assert 1 == 0</failure></testcase><testcase classname="defect_detection.test.test_pep257" name="test_pep257" time="0.020" /></testsuite></testsuites>